#-----------------------------------------------------------
# Vivado v2021.2 (64-bit)
# SW Build 3367213 on Tue Oct 19 02:48:09 MDT 2021
# IP Build 3369179 on Thu Oct 21 08:25:16 MDT 2021
# Start of session at: Sat Mar  5 17:48:54 2022
# Process ID: 15084
# Current directory: C:/Users/Bruger/AppData/Roaming/Xilinx/Vivado
# Command line: vivado.exe -gui_launcher_event rodinguilauncherevent15428
# Log file: C:/Users/Bruger/AppData/Roaming/Xilinx/Vivado/vivado.log
# Journal file: C:/Users/Bruger/AppData/Roaming/Xilinx/Vivado\vivado.jou
# Running On: DESKTOP-LNVH2M6, OS: Windows, CPU Frequency: 2304 MHz, CPU Physical cores: 4, Host memory: 16966 MB
#-----------------------------------------------------------
start_gui
open_project C:/School/zynqberrydemo1/vivado/zynqberrydemo1.xpr
Scanning sources...
Finished scanning sources
INFO: [IP_Flow 19-234] Refreshing IP repositories
INFO: [IP_Flow 19-1700] Loaded user IP repository 'c:/School/zynqberrydemo1/ip_lib'.
INFO: [IP_Flow 19-2313] Loaded Vivado IP repository 'C:/Xilinx/Vivado/2021.2/data/ip'.
open_project: Time (s): cpu = 00:00:30 ; elapsed = 00:00:18 . Memory (MB): peak = 1401.957 ; gain = 0.000
update_compile_order -fileset sources_1
open_bd_design {C:/School/zynqberrydemo1/vivado/zynqberrydemo1.srcs/sources_1/bd/zsys/zsys.bd}
Reading block design file <C:/School/zynqberrydemo1/vivado/zynqberrydemo1.srcs/sources_1/bd/zsys/zsys.bd>...
Adding component instance block -- digilentinc.com:user:axi_i2s_adi:1.2 - axi_i2s_adi_0
Adding component instance block -- trenz.biz:user:axis_to_i2s:1.0 - axis_to_i2s_0
Adding component instance block -- trenz.biz:user:i2s_to_pwm:1.0 - i2s_to_pwm_0
Adding component instance block -- xilinx.com:ip:xadc_wiz:3.3 - xadc_wiz_0
Adding component instance block -- trenz.biz:user:axi_reg32:1.0 - axi_reg32_0
Adding component instance block -- xilinx.com:ip:axi_interconnect:2.1 - proc_sys7_0_axi_periph
Adding component instance block -- xilinx.com:ip:axi_crossbar:2.1 - xbar
Adding component instance block -- xilinx.com:ip:axi_protocol_converter:2.1 - auto_pc
Adding component instance block -- xilinx.com:ip:processing_system7:5.5 - processing_system7_0
Adding component instance block -- xilinx.com:ip:proc_sys_reset:5.0 - rst_proc_sys7_0_50M
Adding component instance block -- xilinx.com:ip:axi_interconnect:2.1 - axi_interconnect_0
Adding component instance block -- xilinx.com:ip:axi_protocol_converter:2.1 - auto_pc
Adding component instance block -- xilinx.com:ip:axi_vdma:6.3 - axi_vdma_0
Adding component instance block -- xilinx.com:ip:axis_data_fifo:2.0 - axis_data_fifo_0
Adding component instance block -- xilinx.com:ip:axis_data_fifo:2.0 - axis_data_fifo_3
Adding component instance block -- xilinx.com:ip:axis_data_fifo:2.0 - axis_data_fifo_4
Adding component instance block -- trenz.biz:user:axis_raw_demosaic:1.0 - axis_raw_demosaic_0
Adding component instance block -- trenz.biz:user:axis_raw_unpack:1.0 - axis_raw_unpack_0
Adding component instance block -- trenz.biz:user:csi2_d_phy_rx:1.0 - csi2_d_phy_rx_0
Adding component instance block -- trenz.biz:user:csi_to_axis:1.0 - csi_to_axis_0
Adding component instance block -- xilinx.com:ip:proc_sys_reset:5.0 - proc_sys_reset_0
Adding component instance block -- xilinx.com:ip:proc_sys_reset:5.0 - proc_sys_reset_1
Adding component instance block -- trenz.biz:user:Video_IO_2_HDMI_TMDS:1.0 - Video_IO_2_HDMI_TMDS_0
Adding component instance block -- xilinx.com:ip:axi_interconnect:2.1 - axi_mem_intercon
Adding component instance block -- xilinx.com:ip:axi_protocol_converter:2.1 - auto_pc
Adding component instance block -- xilinx.com:ip:axi_vdma:6.3 - axi_vdma_0
Adding component instance block -- trenz.biz:user:axis_fb_conv:1.0 - axis_fb_conv_0
Adding component instance block -- xilinx.com:ip:clk_wiz:6.0 - clk_wiz_1
Adding component instance block -- xilinx.com:ip:v_axi4s_vid_out:4.0 - v_axi4s_vid_out_0
Adding component instance block -- xilinx.com:ip:v_tc:6.2 - v_tc_0
Adding component instance block -- xilinx.com:ip:xlconcat:2.1 - xlconcat_0
Adding component instance block -- xilinx.com:ip:xlslice:1.0 - xlslice_0
Adding component instance block -- xilinx.com:ip:xlslice:1.0 - xlslice_1
Successfully read diagram <zsys> from block design file <C:/School/zynqberrydemo1/vivado/zynqberrydemo1.srcs/sources_1/bd/zsys/zsys.bd>
open_bd_design: Time (s): cpu = 00:00:12 ; elapsed = 00:00:13 . Memory (MB): peak = 1401.957 ; gain = 0.000
archive_project C:/School/zynqberrydemo1/zynqberrydemo1.xpr.zip -temp_dir C:/Users/Bruger/AppData/Roaming/Xilinx/Vivado/.Xil/Vivado-15084-DESKTOP-LNVH2M6 -force -exclude_run_results -include_config_settings
INFO: [Coretcl 2-137] starting archive...
INFO: [Coretcl 2-1499] Saving project copy to temporary location 'C:/Users/Bruger/AppData/Roaming/Xilinx/Vivado/.Xil/Vivado-15084-DESKTOP-LNVH2M6' for archiving project
Scanning sources...
Finished scanning sources
INFO: [IP_Flow 19-234] Refreshing IP repositories
INFO: [IP_Flow 19-1700] Loaded user IP repository 'c:/School/zynqberrydemo1/ip_lib'.
INFO: [IP_Flow 19-2313] Loaded Vivado IP repository 'C:/Xilinx/Vivado/2021.2/data/ip'.
INFO: [Coretcl 2-1211] Creating project copy for archival...
INFO: [ProjectBase 1-495] The host OS only allows 260 characters in a normal path. The project is stored in a path with more than 80 characters. If you experience any problem with archiving the project, please consider setting environment variable $TEMP to a shorter path.
Current project path is 'C:/Users/Bruger/AppData/Roaming/Xilinx/Vivado/.Xil/Vivado-15084-DESKTOP-LNVH2M6/PrjAr/_X_'.
INFO: [Coretcl 2-135] resetting runs for excluding generated files from archive...
WARNING: [Coretcl 2-105] Run 'synth_1' is currently active
INFO: [Coretcl 2-133] re-setting run 'synth_1'...
INFO: [Project 1-1161] Replacing file C:/Users/Bruger/AppData/Roaming/Xilinx/Vivado/.Xil/Vivado-15084-DESKTOP-LNVH2M6/PrjAr/_X_/zynqberrydemo1.srcs/utils_1/imports/synth_1/zsys_wrapper.dcp with file C:/Users/Bruger/AppData/Roaming/Xilinx/Vivado/.Xil/Vivado-15084-DESKTOP-LNVH2M6/PrjAr/_X_/zynqberrydemo1.runs/synth_1/zsys_wrapper.dcp
WARNING: [Coretcl 2-105] Run 'zsys_axi_i2s_adi_0_0_synth_1' is currently active
INFO: [Coretcl 2-133] re-setting run 'zsys_axi_i2s_adi_0_0_synth_1'...
WARNING: [Coretcl 2-105] Run 'zsys_axis_to_i2s_0_0_synth_1' is currently active
INFO: [Coretcl 2-133] re-setting run 'zsys_axis_to_i2s_0_0_synth_1'...
WARNING: [Coretcl 2-105] Run 'zsys_i2s_to_pwm_0_0_synth_1' is currently active
INFO: [Coretcl 2-133] re-setting run 'zsys_i2s_to_pwm_0_0_synth_1'...
WARNING: [Coretcl 2-105] Run 'zsys_axi_reg32_0_0_synth_1' is currently active
INFO: [Coretcl 2-133] re-setting run 'zsys_axi_reg32_0_0_synth_1'...
WARNING: [Coretcl 2-105] Run 'zsys_xadc_wiz_0_0_synth_1' is currently active
INFO: [Coretcl 2-133] re-setting run 'zsys_xadc_wiz_0_0_synth_1'...
WARNING: [Coretcl 2-105] Run 'zsys_axis_data_fifo_4_0_synth_1' is currently active
INFO: [Coretcl 2-133] re-setting run 'zsys_axis_data_fifo_4_0_synth_1'...
WARNING: [Coretcl 2-105] Run 'zsys_axis_fb_conv_0_0_synth_1' is currently active
INFO: [Coretcl 2-133] re-setting run 'zsys_axis_fb_conv_0_0_synth_1'...
WARNING: [Coretcl 2-105] Run 'zsys_clk_wiz_1_0_synth_1' is currently active
INFO: [Coretcl 2-133] re-setting run 'zsys_clk_wiz_1_0_synth_1'...
WARNING: [Coretcl 2-105] Run 'zsys_axis_raw_demosaic_0_0_synth_1' is currently active
INFO: [Coretcl 2-133] re-setting run 'zsys_axis_raw_demosaic_0_0_synth_1'...
WARNING: [Coretcl 2-105] Run 'zsys_axis_data_fifo_0_0_synth_1' is currently active
INFO: [Coretcl 2-133] re-setting run 'zsys_axis_data_fifo_0_0_synth_1'...
WARNING: [Coretcl 2-105] Run 'zsys_xbar_0_synth_1' is currently active
INFO: [Coretcl 2-133] re-setting run 'zsys_xbar_0_synth_1'...
WARNING: [Coretcl 2-105] Run 'zsys_axis_data_fifo_3_0_synth_1' is currently active
INFO: [Coretcl 2-133] re-setting run 'zsys_axis_data_fifo_3_0_synth_1'...
WARNING: [Coretcl 2-105] Run 'zsys_proc_sys_reset_0_0_synth_1' is currently active
INFO: [Coretcl 2-133] re-setting run 'zsys_proc_sys_reset_0_0_synth_1'...
WARNING: [Coretcl 2-105] Run 'zsys_csi_to_axis_0_0_synth_1' is currently active
INFO: [Coretcl 2-133] re-setting run 'zsys_csi_to_axis_0_0_synth_1'...
WARNING: [Coretcl 2-105] Run 'zsys_axi_vdma_0_1_synth_1' is currently active
INFO: [Coretcl 2-133] re-setting run 'zsys_axi_vdma_0_1_synth_1'...
WARNING: [Coretcl 2-105] Run 'zsys_processing_system7_0_0_synth_1' is currently active
INFO: [Coretcl 2-133] re-setting run 'zsys_processing_system7_0_0_synth_1'...
WARNING: [Coretcl 2-105] Run 'zsys_v_tc_0_0_synth_1' is currently active
INFO: [Coretcl 2-133] re-setting run 'zsys_v_tc_0_0_synth_1'...
WARNING: [Coretcl 2-105] Run 'zsys_rst_proc_sys7_0_50M_0_synth_1' is currently active
INFO: [Coretcl 2-133] re-setting run 'zsys_rst_proc_sys7_0_50M_0_synth_1'...
WARNING: [Coretcl 2-105] Run 'zsys_csi2_d_phy_rx_0_0_synth_1' is currently active
INFO: [Coretcl 2-133] re-setting run 'zsys_csi2_d_phy_rx_0_0_synth_1'...
WARNING: [Coretcl 2-105] Run 'zsys_Video_IO_2_HDMI_TMDS_0_0_synth_1' is currently active
INFO: [Coretcl 2-133] re-setting run 'zsys_Video_IO_2_HDMI_TMDS_0_0_synth_1'...
WARNING: [Coretcl 2-105] Run 'zsys_proc_sys_reset_1_0_synth_1' is currently active
INFO: [Coretcl 2-133] re-setting run 'zsys_proc_sys_reset_1_0_synth_1'...
WARNING: [Coretcl 2-105] Run 'zsys_axis_raw_unpack_0_0_synth_1' is currently active
INFO: [Coretcl 2-133] re-setting run 'zsys_axis_raw_unpack_0_0_synth_1'...
WARNING: [Coretcl 2-105] Run 'zsys_v_axi4s_vid_out_0_0_synth_1' is currently active
INFO: [Coretcl 2-133] re-setting run 'zsys_v_axi4s_vid_out_0_0_synth_1'...
WARNING: [Coretcl 2-105] Run 'zsys_axi_vdma_0_0_synth_1' is currently active
INFO: [Coretcl 2-133] re-setting run 'zsys_axi_vdma_0_0_synth_1'...
INFO: [Coretcl 2-133] re-setting run 'impl_1'...
INFO: [Coretcl 2-133] re-setting run 'zsys_axi_i2s_adi_0_0_impl_1'...
INFO: [Coretcl 2-133] re-setting run 'zsys_axis_to_i2s_0_0_impl_1'...
INFO: [Coretcl 2-133] re-setting run 'zsys_i2s_to_pwm_0_0_impl_1'...
INFO: [Coretcl 2-133] re-setting run 'zsys_axi_reg32_0_0_impl_1'...
INFO: [Coretcl 2-133] re-setting run 'zsys_xadc_wiz_0_0_impl_1'...
INFO: [Coretcl 2-133] re-setting run 'zsys_axis_data_fifo_4_0_impl_1'...
INFO: [Coretcl 2-133] re-setting run 'zsys_axis_fb_conv_0_0_impl_1'...
INFO: [Coretcl 2-133] re-setting run 'zsys_clk_wiz_1_0_impl_1'...
INFO: [Coretcl 2-133] re-setting run 'zsys_axis_raw_demosaic_0_0_impl_1'...
INFO: [Coretcl 2-133] re-setting run 'zsys_axis_data_fifo_0_0_impl_1'...
INFO: [Coretcl 2-133] re-setting run 'zsys_xbar_0_impl_1'...
INFO: [Coretcl 2-133] re-setting run 'zsys_axis_data_fifo_3_0_impl_1'...
INFO: [Coretcl 2-133] re-setting run 'zsys_proc_sys_reset_0_0_impl_1'...
INFO: [Coretcl 2-133] re-setting run 'zsys_csi_to_axis_0_0_impl_1'...
INFO: [Coretcl 2-133] re-setting run 'zsys_axi_vdma_0_1_impl_1'...
INFO: [Coretcl 2-133] re-setting run 'zsys_processing_system7_0_0_impl_1'...
INFO: [Coretcl 2-133] re-setting run 'zsys_v_tc_0_0_impl_1'...
INFO: [Coretcl 2-133] re-setting run 'zsys_rst_proc_sys7_0_50M_0_impl_1'...
INFO: [Coretcl 2-133] re-setting run 'zsys_csi2_d_phy_rx_0_0_impl_1'...
INFO: [Coretcl 2-133] re-setting run 'zsys_Video_IO_2_HDMI_TMDS_0_0_impl_1'...
INFO: [Coretcl 2-133] re-setting run 'zsys_proc_sys_reset_1_0_impl_1'...
INFO: [Coretcl 2-133] re-setting run 'zsys_axis_raw_unpack_0_0_impl_1'...
INFO: [Coretcl 2-133] re-setting run 'zsys_v_axi4s_vid_out_0_0_impl_1'...
INFO: [Coretcl 2-133] re-setting run 'zsys_axi_vdma_0_0_impl_1'...
INFO: [Coretcl 2-1212] Importing remotely added design sources and verilog include files (if any)...
INFO: [filemgmt 20-334] All file(s) are already imported in fileset: 'zsys_Video_IO_2_HDMI_TMDS_0_0'
INFO: [filemgmt 20-348] Importing the appropriate files for fileset: 'zsys_Video_IO_2_HDMI_TMDS_0_0'
INFO: [filemgmt 20-334] All file(s) are already imported in fileset: 'zsys_axi_i2s_adi_0_0'
INFO: [filemgmt 20-348] Importing the appropriate files for fileset: 'zsys_axi_i2s_adi_0_0'
INFO: [filemgmt 20-334] All file(s) are already imported in fileset: 'zsys_axi_reg32_0_0'
INFO: [filemgmt 20-348] Importing the appropriate files for fileset: 'zsys_axi_reg32_0_0'
INFO: [filemgmt 20-334] All file(s) are already imported in fileset: 'zsys_axi_vdma_0_0'
INFO: [filemgmt 20-348] Importing the appropriate files for fileset: 'zsys_axi_vdma_0_0'
INFO: [filemgmt 20-334] All file(s) are already imported in fileset: 'zsys_axi_vdma_0_1'
INFO: [filemgmt 20-348] Importing the appropriate files for fileset: 'zsys_axi_vdma_0_1'
INFO: [filemgmt 20-334] All file(s) are already imported in fileset: 'zsys_axis_data_fifo_0_0'
INFO: [filemgmt 20-348] Importing the appropriate files for fileset: 'zsys_axis_data_fifo_0_0'
INFO: [filemgmt 20-334] All file(s) are already imported in fileset: 'zsys_axis_data_fifo_3_0'
INFO: [filemgmt 20-348] Importing the appropriate files for fileset: 'zsys_axis_data_fifo_3_0'
INFO: [filemgmt 20-334] All file(s) are already imported in fileset: 'zsys_axis_data_fifo_4_0'
INFO: [filemgmt 20-348] Importing the appropriate files for fileset: 'zsys_axis_data_fifo_4_0'
INFO: [filemgmt 20-334] All file(s) are already imported in fileset: 'zsys_axis_fb_conv_0_0'
INFO: [filemgmt 20-348] Importing the appropriate files for fileset: 'zsys_axis_fb_conv_0_0'
INFO: [filemgmt 20-334] All file(s) are already imported in fileset: 'zsys_axis_raw_demosaic_0_0'
INFO: [filemgmt 20-348] Importing the appropriate files for fileset: 'zsys_axis_raw_demosaic_0_0'
INFO: [filemgmt 20-334] All file(s) are already imported in fileset: 'zsys_axis_raw_unpack_0_0'
INFO: [filemgmt 20-348] Importing the appropriate files for fileset: 'zsys_axis_raw_unpack_0_0'
INFO: [filemgmt 20-334] All file(s) are already imported in fileset: 'zsys_axis_to_i2s_0_0'
INFO: [filemgmt 20-348] Importing the appropriate files for fileset: 'zsys_axis_to_i2s_0_0'
INFO: [filemgmt 20-334] All file(s) are already imported in fileset: 'zsys_clk_wiz_1_0'
INFO: [filemgmt 20-348] Importing the appropriate files for fileset: 'zsys_clk_wiz_1_0'
INFO: [filemgmt 20-334] All file(s) are already imported in fileset: 'zsys_csi2_d_phy_rx_0_0'
INFO: [filemgmt 20-348] Importing the appropriate files for fileset: 'zsys_csi2_d_phy_rx_0_0'
INFO: [filemgmt 20-334] All file(s) are already imported in fileset: 'zsys_csi_to_axis_0_0'
INFO: [filemgmt 20-348] Importing the appropriate files for fileset: 'zsys_csi_to_axis_0_0'
INFO: [filemgmt 20-334] All file(s) are already imported in fileset: 'zsys_i2s_to_pwm_0_0'
INFO: [filemgmt 20-348] Importing the appropriate files for fileset: 'zsys_i2s_to_pwm_0_0'
INFO: [filemgmt 20-334] All file(s) are already imported in fileset: 'zsys_proc_sys_reset_0_0'
INFO: [filemgmt 20-348] Importing the appropriate files for fileset: 'zsys_proc_sys_reset_0_0'
INFO: [filemgmt 20-334] All file(s) are already imported in fileset: 'zsys_proc_sys_reset_1_0'
INFO: [filemgmt 20-348] Importing the appropriate files for fileset: 'zsys_proc_sys_reset_1_0'
INFO: [filemgmt 20-334] All file(s) are already imported in fileset: 'zsys_processing_system7_0_0'
INFO: [filemgmt 20-348] Importing the appropriate files for fileset: 'zsys_processing_system7_0_0'
INFO: [filemgmt 20-334] All file(s) are already imported in fileset: 'zsys_rst_proc_sys7_0_50M_0'
INFO: [filemgmt 20-348] Importing the appropriate files for fileset: 'zsys_rst_proc_sys7_0_50M_0'
INFO: [filemgmt 20-334] All file(s) are already imported in fileset: 'zsys_v_axi4s_vid_out_0_0'
INFO: [filemgmt 20-348] Importing the appropriate files for fileset: 'zsys_v_axi4s_vid_out_0_0'
INFO: [filemgmt 20-334] All file(s) are already imported in fileset: 'zsys_v_tc_0_0'
INFO: [filemgmt 20-348] Importing the appropriate files for fileset: 'zsys_v_tc_0_0'
INFO: [filemgmt 20-334] All file(s) are already imported in fileset: 'zsys_xadc_wiz_0_0'
INFO: [filemgmt 20-348] Importing the appropriate files for fileset: 'zsys_xadc_wiz_0_0'
INFO: [filemgmt 20-334] All file(s) are already imported in fileset: 'zsys_xbar_0'
INFO: [filemgmt 20-348] Importing the appropriate files for fileset: 'zsys_xbar_0'
INFO: [filemgmt 20-348] Importing the appropriate files for fileset: 'constrs_1'
INFO: [filemgmt 20-334] All file(s) are already imported in fileset: 'sources_1'
INFO: [filemgmt 20-348] Importing the appropriate files for fileset: 'sources_1'
INFO: [filemgmt 20-334] All file(s) are already imported in fileset: 'utils_1'
INFO: [filemgmt 20-348] Importing the appropriate files for fileset: 'utils_1'
