12:50:12 INFO  : Launching XSCT server: xsct.bat -n  -interactive C:\School\Vivado\ZynqHelloFreeRTOS\workspace\temp_xsdb_launch_script.tcl
12:50:12 INFO  : Registering command handlers for Vitis TCF services
12:50:12 INFO  : Platform repository initialization has completed.
12:50:16 INFO  : XSCT server has started successfully.
12:50:16 INFO  : plnx-install-location is set to ''
12:50:16 INFO  : Successfully done setting XSCT server connection channel  
12:50:16 INFO  : Successfully done query RDI_DATADIR 
12:50:16 INFO  : Successfully done setting workspace for the tool. 
12:51:16 INFO  : Result from executing command 'getProjects': freerots
12:51:16 INFO  : Result from executing command 'getPlatforms': 
12:52:09 INFO  : No changes in MSS file content so sources will not be generated.
12:52:52 INFO  : Result from executing command 'getProjects': freerots
12:52:52 INFO  : Result from executing command 'getPlatforms': freerots|C:/School/Vivado/ZynqHelloFreeRTOS/workspace/freerots/export/freerots/freerots.xpfm
12:55:21 INFO  : Checking for BSP changes to sync application flags for project 'freertos_app'...
12:55:46 INFO  : Connected to target on host '127.0.0.1' and port '3121'.
12:55:55 INFO  : 'targets -set -filter {jtag_cable_name =~ "JTAG-ONB4 2516330075ADA" && level==0 && jtag_device_ctx=="jsn-JTAG-ONB4-2516330075ADA-13722093-0"}' command is executed.
12:56:05 INFO  : Device configured successfully with "C:/School/Vivado/ZynqHelloFreeRTOS/workspace/freertos_app/_ide/bitstream/main_wrapper.bit"
12:56:47 INFO  : Connected to target on host '127.0.0.1' and port '3121'.
12:56:49 INFO  : Jtag cable 'JTAG-ONB4 2516330075ADA' is selected.
12:56:54 INFO  : 'jtag frequency' command is executed.
12:56:54 INFO  : Context for 'APU' is selected.
12:56:54 INFO  : System reset is completed.
12:56:57 INFO  : 'after 3000' command is executed.
12:56:58 INFO  : 'targets -set -filter {jtag_cable_name =~ "JTAG-ONB4 2516330075ADA" && level==0 && jtag_device_ctx=="jsn-JTAG-ONB4-2516330075ADA-13722093-0"}' command is executed.
12:56:59 INFO  : Device configured successfully with "C:/School/Vivado/ZynqHelloFreeRTOS/workspace/freertos_app/_ide/bitstream/main_wrapper.bit"
12:56:59 INFO  : Context for 'APU' is selected.
12:57:04 INFO  : Hardware design and registers information is loaded from 'C:/School/Vivado/ZynqHelloFreeRTOS/workspace/freerots/export/freerots/hw/main_wrapper.xsa'.
12:57:04 INFO  : 'configparams force-mem-access 1' command is executed.
12:57:04 INFO  : Context for 'APU' is selected.
12:57:04 INFO  : Sourcing of 'C:/School/Vivado/ZynqHelloFreeRTOS/workspace/freertos_app/_ide/psinit/ps7_init.tcl' is done.
12:57:30 INFO  : 'ps7_init' command is executed.
12:57:30 INFO  : 'ps7_post_config' command is executed.
12:57:30 INFO  : Context for processor 'ps7_cortexa9_0' is selected.
12:57:39 INFO  : The application 'C:/School/Vivado/ZynqHelloFreeRTOS/workspace/freertos_app/Debug/freertos_app.elf' is downloaded to processor 'ps7_cortexa9_0'.
12:57:44 INFO  : 'configparams force-mem-access 0' command is executed.
12:57:44 INFO  : ----------------XSDB Script----------------
connect -url tcp:127.0.0.1:3121
targets -set -nocase -filter {name =~"APU*"}
rst -system
after 3000
targets -set -filter {jtag_cable_name =~ "JTAG-ONB4 2516330075ADA" && level==0 && jtag_device_ctx=="jsn-JTAG-ONB4-2516330075ADA-13722093-0"}
fpga -file C:/School/Vivado/ZynqHelloFreeRTOS/workspace/freertos_app/_ide/bitstream/main_wrapper.bit
targets -set -nocase -filter {name =~"APU*"}
loadhw -hw C:/School/Vivado/ZynqHelloFreeRTOS/workspace/freerots/export/freerots/hw/main_wrapper.xsa -mem-ranges [list {0x40000000 0xbfffffff}] -regs
configparams force-mem-access 1
targets -set -nocase -filter {name =~"APU*"}
source C:/School/Vivado/ZynqHelloFreeRTOS/workspace/freertos_app/_ide/psinit/ps7_init.tcl
ps7_init
ps7_post_config
targets -set -nocase -filter {name =~ "*A9*#0"}
dow C:/School/Vivado/ZynqHelloFreeRTOS/workspace/freertos_app/Debug/freertos_app.elf
configparams force-mem-access 0
----------------End of Script----------------

12:57:48 INFO  : Context for processor 'ps7_cortexa9_0' is selected.
12:57:57 INFO  : 'con' command is executed.
12:57:57 INFO  : ----------------XSDB Script (After Launch)----------------
targets -set -nocase -filter {name =~ "*A9*#0"}
con
----------------End of Script----------------

12:57:57 INFO  : Launch script is exported to file 'C:\School\Vivado\ZynqHelloFreeRTOS\workspace\freertos_app_system\_ide\scripts\fullsystem_debug_standalone.tcl'
12:58:23 INFO  : Disconnected from the channel tcfchan#3.
12:38:32 INFO  : Launching XSCT server: xsct.bat -n  -interactive C:\School\Vivado\ZynqHelloFreeRTOS\workspace\temp_xsdb_launch_script.tcl
12:38:37 INFO  : Registering command handlers for Vitis TCF services
12:38:37 INFO  : Platform repository initialization has completed.
12:38:37 INFO  : XSCT server has started successfully.
12:38:41 INFO  : plnx-install-location is set to ''
12:38:41 INFO  : Successfully done setting XSCT server connection channel  
12:38:41 INFO  : Successfully done query RDI_DATADIR 
12:38:41 INFO  : Successfully done setting workspace for the tool. 
12:39:04 INFO  : No changes in MSS file content so sources will not be generated.
12:43:31 INFO  : Result from executing command 'removePlatformRepo': 
