11:15:36 INFO  : Platform repository initialization has completed.
11:15:36 INFO  : Launching XSCT server: xsct.bat -n  -interactive C:\School\Vivado\ZynqHelloStandalone\workspace\temp_xsdb_launch_script.tcl
11:15:36 INFO  : Registering command handlers for Vitis TCF services
11:15:40 INFO  : XSCT server has started successfully.
11:15:40 INFO  : plnx-install-location is set to ''
11:15:44 INFO  : Successfully done setting XSCT server connection channel  
11:15:44 INFO  : Successfully done query RDI_DATADIR 
11:15:44 INFO  : Successfully done setting workspace for the tool. 
11:19:49 INFO  : Result from executing command 'getProjects': hellostandaloneplatform
11:19:49 INFO  : Result from executing command 'getPlatforms': 
11:25:23 INFO  : Result from executing command 'getProjects': hellostandaloneplatform
11:25:23 INFO  : Result from executing command 'getPlatforms': hellostandaloneplatform|C:/School/Vivado/ZynqHelloStandalone/workspace/hellostandaloneplatform/export/hellostandaloneplatform/hellostandaloneplatform.xpfm
11:25:23 INFO  : Checking for BSP changes to sync application flags for project 'hello_standalone_app'...
11:25:23 INFO  : Updating application flags with new BSP settings...
11:25:24 INFO  : Successfully updated application flags for project hello_standalone_app.
11:25:51 INFO  : Connected to target on host '127.0.0.1' and port '3121'.
11:25:56 INFO  : Jtag cable 'JTAG-ONB4 2516330075ADA' is selected.
11:26:01 INFO  : 'jtag frequency' command is executed.
11:26:01 INFO  : Context for 'APU' is selected.
11:26:01 INFO  : System reset is completed.
11:26:04 INFO  : 'after 3000' command is executed.
11:26:05 INFO  : 'targets -set -filter {jtag_cable_name =~ "JTAG-ONB4 2516330075ADA" && level==0 && jtag_device_ctx=="jsn-JTAG-ONB4-2516330075ADA-13722093-0"}' command is executed.
11:26:07 INFO  : Device configured successfully with "C:/School/Vivado/ZynqHelloStandalone/workspace/hello_standalone_app/_ide/bitstream/main_wrapper.bit"
11:26:07 INFO  : Context for 'APU' is selected.
11:26:11 INFO  : Hardware design and registers information is loaded from 'C:/School/Vivado/ZynqHelloStandalone/workspace/hellostandaloneplatform/export/hellostandaloneplatform/hw/main_wrapper.xsa'.
11:26:11 INFO  : 'configparams force-mem-access 1' command is executed.
11:26:11 INFO  : Context for 'APU' is selected.
11:26:11 INFO  : Sourcing of 'C:/School/Vivado/ZynqHelloStandalone/workspace/hello_standalone_app/_ide/psinit/ps7_init.tcl' is done.
11:26:37 INFO  : 'ps7_init' command is executed.
11:26:38 INFO  : 'ps7_post_config' command is executed.
11:26:42 INFO  : Context for processor 'ps7_cortexa9_0' is selected.
11:26:46 INFO  : The application 'C:/School/Vivado/ZynqHelloStandalone/workspace/hello_standalone_app/Debug/hello_standalone_app.elf' is downloaded to processor 'ps7_cortexa9_0'.
11:26:51 INFO  : 'configparams force-mem-access 0' command is executed.
11:26:51 INFO  : ----------------XSDB Script----------------
connect -url tcp:127.0.0.1:3121
targets -set -nocase -filter {name =~"APU*"}
rst -system
after 3000
targets -set -filter {jtag_cable_name =~ "JTAG-ONB4 2516330075ADA" && level==0 && jtag_device_ctx=="jsn-JTAG-ONB4-2516330075ADA-13722093-0"}
fpga -file C:/School/Vivado/ZynqHelloStandalone/workspace/hello_standalone_app/_ide/bitstream/main_wrapper.bit
targets -set -nocase -filter {name =~"APU*"}
loadhw -hw C:/School/Vivado/ZynqHelloStandalone/workspace/hellostandaloneplatform/export/hellostandaloneplatform/hw/main_wrapper.xsa -mem-ranges [list {0x40000000 0xbfffffff}] -regs
configparams force-mem-access 1
targets -set -nocase -filter {name =~"APU*"}
source C:/School/Vivado/ZynqHelloStandalone/workspace/hello_standalone_app/_ide/psinit/ps7_init.tcl
ps7_init
ps7_post_config
targets -set -nocase -filter {name =~ "*A9*#0"}
dow C:/School/Vivado/ZynqHelloStandalone/workspace/hello_standalone_app/Debug/hello_standalone_app.elf
configparams force-mem-access 0
----------------End of Script----------------

11:26:55 INFO  : Context for processor 'ps7_cortexa9_0' is selected.
11:27:04 INFO  : 'con' command is executed.
11:27:04 INFO  : ----------------XSDB Script (After Launch)----------------
targets -set -nocase -filter {name =~ "*A9*#0"}
con
----------------End of Script----------------

11:27:04 INFO  : Launch script is exported to file 'C:\School\Vivado\ZynqHelloStandalone\workspace\hello_standalone_app_system\_ide\scripts\debugger_hello_standalone_app-default.tcl'
11:28:18 INFO  : Disconnected from the channel tcfchan#2.
11:28:19 INFO  : 'targets -set -filter {jtag_cable_name =~ "JTAG-ONB4 2516330075ADA" && level==0 && jtag_device_ctx=="jsn-JTAG-ONB4-2516330075ADA-13722093-0"}' command is executed.
11:28:24 INFO  : 'fpga -state' command is executed.
11:28:24 INFO  : Connected to target on host '127.0.0.1' and port '3121'.
11:28:24 INFO  : Jtag cable 'JTAG-ONB4 2516330075ADA' is selected.
11:28:28 INFO  : 'jtag frequency' command is executed.
11:28:28 INFO  : Context for 'APU' is selected.
11:28:28 INFO  : System reset is completed.
11:28:31 INFO  : 'after 3000' command is executed.
11:28:32 INFO  : Context for 'APU' is selected.
11:28:32 INFO  : Hardware design and registers information is loaded from 'C:/School/Vivado/ZynqHelloStandalone/workspace/hellostandaloneplatform/export/hellostandaloneplatform/hw/main_wrapper.xsa'.
11:28:33 INFO  : 'configparams force-mem-access 1' command is executed.
11:28:33 INFO  : Context for 'APU' is selected.
11:28:33 INFO  : Context for processor 'ps7_cortexa9_0' is selected.
11:28:37 ERROR : Memory write error at 0x100000. Cannot access DDR: the controller is held in reset
11:28:37 INFO  : ----------------XSDB Script----------------
connect -url tcp:127.0.0.1:3121
targets -set -nocase -filter {name =~"APU*"}
rst -system
after 3000
targets -set -nocase -filter {name =~"APU*"}
loadhw -hw C:/School/Vivado/ZynqHelloStandalone/workspace/hellostandaloneplatform/export/hellostandaloneplatform/hw/main_wrapper.xsa -mem-ranges [list {0x40000000 0xbfffffff}] -regs
configparams force-mem-access 1
targets -set -nocase -filter {name =~"APU*"}
targets -set -nocase -filter {name =~ "*A9*#0"}
dow C:/School/Vivado/ZynqHelloStandalone/workspace/hello_standalone_app/Debug/hello_standalone_app.elf
----------------End of Script----------------

11:28:37 ERROR : Memory write error at 0x100000. Cannot access DDR: the controller is held in reset
11:29:48 INFO  : 'targets -set -filter {jtag_cable_name =~ "JTAG-ONB4 2516330075ADA" && level==0 && jtag_device_ctx=="jsn-JTAG-ONB4-2516330075ADA-13722093-0"}' command is executed.
11:29:48 INFO  : 'fpga -state' command is executed.
11:30:08 INFO  : Connected to target on host '127.0.0.1' and port '3121'.
11:30:10 INFO  : Jtag cable 'JTAG-ONB4 2516330075ADA' is selected.
11:30:14 INFO  : 'jtag frequency' command is executed.
11:30:14 INFO  : Context for 'APU' is selected.
11:30:14 INFO  : Hardware design and registers information is loaded from 'C:/School/Vivado/ZynqHelloStandalone/workspace/hellostandaloneplatform/export/hellostandaloneplatform/hw/main_wrapper.xsa'.
11:30:14 INFO  : 'configparams force-mem-access 1' command is executed.
11:30:14 INFO  : Context for 'APU' is selected.
11:30:17 ERROR : 'stop' is cancelled.
11:30:17 INFO  : ----------------XSDB Script----------------
connect -url tcp:127.0.0.1:3121
targets -set -nocase -filter {name =~"APU*"}
loadhw -hw C:/School/Vivado/ZynqHelloStandalone/workspace/hellostandaloneplatform/export/hellostandaloneplatform/hw/main_wrapper.xsa -mem-ranges [list {0x40000000 0xbfffffff}] -regs
configparams force-mem-access 1
targets -set -nocase -filter {name =~"APU*"}
stop
----------------End of Script----------------

11:30:17 ERROR : 'stop' is cancelled.
11:30:21 INFO  : Connected to target on host '127.0.0.1' and port '3121'.
11:30:23 INFO  : Jtag cable 'JTAG-ONB4 2516330075ADA' is selected.
11:30:32 INFO  : 'jtag frequency' command is executed.
11:30:32 INFO  : Context for 'APU' is selected.
11:30:32 INFO  : System reset is completed.
11:30:39 INFO  : 'after 3000' command is executed.
11:30:41 INFO  : 'targets -set -filter {jtag_cable_name =~ "JTAG-ONB4 2516330075ADA" && level==0 && jtag_device_ctx=="jsn-JTAG-ONB4-2516330075ADA-13722093-0"}' command is executed.
11:30:42 INFO  : Device configured successfully with "C:/School/Vivado/ZynqHelloStandalone/workspace/hello_standalone_app/_ide/bitstream/main_wrapper.bit"
11:30:42 INFO  : Context for 'APU' is selected.
11:30:42 INFO  : Hardware design and registers information is loaded from 'C:/School/Vivado/ZynqHelloStandalone/workspace/hellostandaloneplatform/export/hellostandaloneplatform/hw/main_wrapper.xsa'.
11:30:42 INFO  : 'configparams force-mem-access 1' command is executed.
11:30:42 INFO  : Context for 'APU' is selected.
11:30:42 INFO  : Sourcing of 'C:/School/Vivado/ZynqHelloStandalone/workspace/hello_standalone_app/_ide/psinit/ps7_init.tcl' is done.
11:31:17 INFO  : 'ps7_init' command is executed.
11:31:22 INFO  : 'ps7_post_config' command is executed.
11:31:22 INFO  : Context for processor 'ps7_cortexa9_0' is selected.
11:31:26 INFO  : The application 'C:/School/Vivado/ZynqHelloStandalone/workspace/hello_standalone_app/Debug/hello_standalone_app.elf' is downloaded to processor 'ps7_cortexa9_0'.
11:31:31 INFO  : 'configparams force-mem-access 0' command is executed.
11:31:31 INFO  : ----------------XSDB Script----------------
connect -url tcp:127.0.0.1:3121
targets -set -nocase -filter {name =~"APU*"}
rst -system
after 3000
targets -set -filter {jtag_cable_name =~ "JTAG-ONB4 2516330075ADA" && level==0 && jtag_device_ctx=="jsn-JTAG-ONB4-2516330075ADA-13722093-0"}
fpga -file C:/School/Vivado/ZynqHelloStandalone/workspace/hello_standalone_app/_ide/bitstream/main_wrapper.bit
targets -set -nocase -filter {name =~"APU*"}
loadhw -hw C:/School/Vivado/ZynqHelloStandalone/workspace/hellostandaloneplatform/export/hellostandaloneplatform/hw/main_wrapper.xsa -mem-ranges [list {0x40000000 0xbfffffff}] -regs
configparams force-mem-access 1
targets -set -nocase -filter {name =~"APU*"}
source C:/School/Vivado/ZynqHelloStandalone/workspace/hello_standalone_app/_ide/psinit/ps7_init.tcl
ps7_init
ps7_post_config
targets -set -nocase -filter {name =~ "*A9*#0"}
dow C:/School/Vivado/ZynqHelloStandalone/workspace/hello_standalone_app/Debug/hello_standalone_app.elf
configparams force-mem-access 0
----------------End of Script----------------

11:31:35 INFO  : Context for processor 'ps7_cortexa9_0' is selected.
11:31:39 INFO  : 'con' command is executed.
11:31:39 INFO  : ----------------XSDB Script (After Launch)----------------
targets -set -nocase -filter {name =~ "*A9*#0"}
con
----------------End of Script----------------

11:31:39 INFO  : Launch script is exported to file 'C:\School\Vivado\ZynqHelloStandalone\workspace\hello_standalone_app_system\_ide\scripts\fullsystem.tcl'
11:33:22 INFO  : Checking for BSP changes to sync application flags for project 'hello_standalone_app'...
11:33:37 INFO  : Disconnected from the channel tcfchan#3.
11:33:39 INFO  : 'targets -set -filter {jtag_cable_name =~ "JTAG-ONB4 2516330075ADA" && level==0 && jtag_device_ctx=="jsn-JTAG-ONB4-2516330075ADA-13722093-0"}' command is executed.
11:33:43 INFO  : 'fpga -state' command is executed.
11:33:43 INFO  : Connected to target on host '127.0.0.1' and port '3121'.
11:33:43 INFO  : Jtag cable 'JTAG-ONB4 2516330075ADA' is selected.
11:33:48 INFO  : 'jtag frequency' command is executed.
11:33:48 INFO  : Context for 'APU' is selected.
11:33:48 INFO  : Hardware design and registers information is loaded from 'C:/School/Vivado/ZynqHelloStandalone/workspace/hellostandaloneplatform/export/hellostandaloneplatform/hw/main_wrapper.xsa'.
11:33:48 INFO  : 'configparams force-mem-access 1' command is executed.
11:33:48 INFO  : Context for 'APU' is selected.
11:33:48 INFO  : 'stop' command is executed.
11:33:48 INFO  : Sourcing of 'C:/School/Vivado/ZynqHelloStandalone/workspace/hello_standalone_app/_ide/psinit/ps7_init.tcl' is done.
11:34:10 INFO  : 'ps7_init' command is executed.
11:34:14 INFO  : 'ps7_post_config' command is executed.
11:34:14 INFO  : Context for processor 'ps7_cortexa9_0' is selected.
11:34:19 INFO  : Processor reset is completed for 'ps7_cortexa9_0'.
11:34:23 INFO  : Context for processor 'ps7_cortexa9_0' is selected.
11:34:23 INFO  : The application 'C:/School/Vivado/ZynqHelloStandalone/workspace/hello_standalone_app/Debug/hello_standalone_app.elf' is downloaded to processor 'ps7_cortexa9_0'.
11:34:28 INFO  : 'configparams force-mem-access 0' command is executed.
11:34:28 INFO  : ----------------XSDB Script----------------
connect -url tcp:127.0.0.1:3121
targets -set -nocase -filter {name =~"APU*"}
loadhw -hw C:/School/Vivado/ZynqHelloStandalone/workspace/hellostandaloneplatform/export/hellostandaloneplatform/hw/main_wrapper.xsa -mem-ranges [list {0x40000000 0xbfffffff}] -regs
configparams force-mem-access 1
targets -set -nocase -filter {name =~"APU*"}
stop
source C:/School/Vivado/ZynqHelloStandalone/workspace/hello_standalone_app/_ide/psinit/ps7_init.tcl
ps7_init
ps7_post_config
targets -set -nocase -filter {name =~ "*A9*#0"}
rst -processor
targets -set -nocase -filter {name =~ "*A9*#0"}
dow C:/School/Vivado/ZynqHelloStandalone/workspace/hello_standalone_app/Debug/hello_standalone_app.elf
configparams force-mem-access 0
----------------End of Script----------------

11:34:32 INFO  : Context for processor 'ps7_cortexa9_0' is selected.
11:34:36 INFO  : 'con' command is executed.
11:34:36 INFO  : ----------------XSDB Script (After Launch)----------------
targets -set -nocase -filter {name =~ "*A9*#0"}
con
----------------End of Script----------------

11:34:36 INFO  : Launch script is exported to file 'C:\School\Vivado\ZynqHelloStandalone\workspace\hello_standalone_app_system\_ide\scripts\cpu_only.tcl'
11:47:28 INFO  : Checking for BSP changes to sync application flags for project 'hello_standalone_app'...
11:47:37 INFO  : Disconnected from the channel tcfchan#4.
11:47:41 INFO  : 'targets -set -filter {jtag_cable_name =~ "JTAG-ONB4 2516330075ADA" && level==0 && jtag_device_ctx=="jsn-JTAG-ONB4-2516330075ADA-13722093-0"}' command is executed.
11:47:49 INFO  : 'fpga -state' command is executed.
11:47:49 INFO  : Connected to target on host '127.0.0.1' and port '3121'.
11:47:50 INFO  : Jtag cable 'JTAG-ONB4 2516330075ADA' is selected.
11:47:54 INFO  : 'jtag frequency' command is executed.
11:47:54 INFO  : Context for 'APU' is selected.
11:47:54 INFO  : Hardware design and registers information is loaded from 'C:/School/Vivado/ZynqHelloStandalone/workspace/hellostandaloneplatform/export/hellostandaloneplatform/hw/main_wrapper.xsa'.
11:47:54 INFO  : 'configparams force-mem-access 1' command is executed.
11:47:54 INFO  : Context for 'APU' is selected.
11:47:54 INFO  : 'stop' command is executed.
11:47:54 INFO  : Sourcing of 'C:/School/Vivado/ZynqHelloStandalone/workspace/hello_standalone_app/_ide/psinit/ps7_init.tcl' is done.
11:48:20 INFO  : 'ps7_init' command is executed.
11:48:20 INFO  : 'ps7_post_config' command is executed.
11:48:20 INFO  : Context for processor 'ps7_cortexa9_0' is selected.
11:48:20 INFO  : Processor reset is completed for 'ps7_cortexa9_0'.
11:48:20 INFO  : Context for processor 'ps7_cortexa9_0' is selected.
11:48:25 INFO  : The application 'C:/School/Vivado/ZynqHelloStandalone/workspace/hello_standalone_app/Debug/hello_standalone_app.elf' is downloaded to processor 'ps7_cortexa9_0'.
11:48:29 INFO  : 'configparams force-mem-access 0' command is executed.
11:48:29 INFO  : ----------------XSDB Script----------------
connect -url tcp:127.0.0.1:3121
targets -set -nocase -filter {name =~"APU*"}
loadhw -hw C:/School/Vivado/ZynqHelloStandalone/workspace/hellostandaloneplatform/export/hellostandaloneplatform/hw/main_wrapper.xsa -mem-ranges [list {0x40000000 0xbfffffff}] -regs
configparams force-mem-access 1
targets -set -nocase -filter {name =~"APU*"}
stop
source C:/School/Vivado/ZynqHelloStandalone/workspace/hello_standalone_app/_ide/psinit/ps7_init.tcl
ps7_init
ps7_post_config
targets -set -nocase -filter {name =~ "*A9*#0"}
rst -processor
targets -set -nocase -filter {name =~ "*A9*#0"}
dow C:/School/Vivado/ZynqHelloStandalone/workspace/hello_standalone_app/Debug/hello_standalone_app.elf
configparams force-mem-access 0
----------------End of Script----------------

11:48:34 INFO  : Context for processor 'ps7_cortexa9_0' is selected.
11:48:38 INFO  : 'con' command is executed.
11:48:38 INFO  : ----------------XSDB Script (After Launch)----------------
targets -set -nocase -filter {name =~ "*A9*#0"}
con
----------------End of Script----------------

11:48:38 INFO  : Launch script is exported to file 'C:\School\Vivado\ZynqHelloStandalone\workspace\hello_standalone_app_system\_ide\scripts\cpu_only.tcl'
12:31:37 INFO  : Disconnected from the channel tcfchan#5.
12:31:42 INFO  : 'targets -set -filter {jtag_cable_name =~ "JTAG-ONB4 2516330075ADA" && level==0 && jtag_device_ctx=="jsn-JTAG-ONB4-2516330075ADA-13722093-0"}' command is executed.
12:31:47 INFO  : 'fpga -state' command is executed.
12:31:47 INFO  : Connected to target on host '127.0.0.1' and port '3121'.
12:31:47 INFO  : Jtag cable 'JTAG-ONB4 2516330075ADA' is selected.
12:31:51 INFO  : 'jtag frequency' command is executed.
12:31:54 ERROR : no targets found with "name =~"APU*"". available targets: none
12:31:54 INFO  : ----------------XSDB Script----------------
connect -url tcp:127.0.0.1:3121
targets -set -nocase -filter {name =~"APU*"}
----------------End of Script----------------

12:31:54 ERROR : no targets found with "name =~"APU*"". available targets: none
12:32:36 INFO  : 'targets -set -filter {jtag_cable_name =~ "JTAG-ONB4 2516330075ADA" && level==0 && jtag_device_ctx=="jsn-JTAG-ONB4-2516330075ADA-13722093-0"}' command is executed.
12:32:40 INFO  : 'fpga -state' command is executed.
12:32:40 INFO  : Connected to target on host '127.0.0.1' and port '3121'.
12:32:40 INFO  : Jtag cable 'JTAG-ONB4 2516330075ADA' is selected.
12:32:44 INFO  : 'jtag frequency' command is executed.
12:32:44 INFO  : Context for 'APU' is selected.
12:32:44 INFO  : Hardware design and registers information is loaded from 'C:/School/Vivado/ZynqHelloStandalone/workspace/hellostandaloneplatform/export/hellostandaloneplatform/hw/main_wrapper.xsa'.
12:32:44 INFO  : 'configparams force-mem-access 1' command is executed.
12:32:44 INFO  : Context for 'APU' is selected.
12:32:49 INFO  : 'stop' command is executed.
12:32:49 INFO  : Sourcing of 'C:/School/Vivado/ZynqHelloStandalone/workspace/hello_standalone_app/_ide/psinit/ps7_init.tcl' is done.
12:33:20 INFO  : 'ps7_init' command is executed.
12:33:20 INFO  : 'ps7_post_config' command is executed.
12:33:20 INFO  : Context for processor 'ps7_cortexa9_0' is selected.
12:33:20 INFO  : Processor reset is completed for 'ps7_cortexa9_0'.
12:33:20 INFO  : Context for processor 'ps7_cortexa9_0' is selected.
12:33:24 INFO  : The application 'C:/School/Vivado/ZynqHelloStandalone/workspace/hello_standalone_app/Debug/hello_standalone_app.elf' is downloaded to processor 'ps7_cortexa9_0'.
12:33:29 INFO  : 'configparams force-mem-access 0' command is executed.
12:33:29 INFO  : ----------------XSDB Script----------------
connect -url tcp:127.0.0.1:3121
targets -set -nocase -filter {name =~"APU*"}
loadhw -hw C:/School/Vivado/ZynqHelloStandalone/workspace/hellostandaloneplatform/export/hellostandaloneplatform/hw/main_wrapper.xsa -mem-ranges [list {0x40000000 0xbfffffff}] -regs
configparams force-mem-access 1
targets -set -nocase -filter {name =~"APU*"}
stop
source C:/School/Vivado/ZynqHelloStandalone/workspace/hello_standalone_app/_ide/psinit/ps7_init.tcl
ps7_init
ps7_post_config
targets -set -nocase -filter {name =~ "*A9*#0"}
rst -processor
targets -set -nocase -filter {name =~ "*A9*#0"}
dow C:/School/Vivado/ZynqHelloStandalone/workspace/hello_standalone_app/Debug/hello_standalone_app.elf
configparams force-mem-access 0
----------------End of Script----------------

12:33:33 INFO  : Context for processor 'ps7_cortexa9_0' is selected.
12:33:37 INFO  : 'con' command is executed.
12:33:37 INFO  : ----------------XSDB Script (After Launch)----------------
targets -set -nocase -filter {name =~ "*A9*#0"}
con
----------------End of Script----------------

12:33:37 INFO  : Launch script is exported to file 'C:\School\Vivado\ZynqHelloStandalone\workspace\hello_standalone_app_system\_ide\scripts\cpu_only.tcl'
12:33:55 INFO  : Disconnected from the channel tcfchan#6.
12:46:22 INFO  : Launching XSCT server: xsct.bat -n  -interactive C:\School\Vivado\ZynqHelloStandalone\workspace\temp_xsdb_launch_script.tcl
12:46:32 INFO  : XSCT server has started successfully.
12:46:32 INFO  : plnx-install-location is set to ''
12:46:32 INFO  : Successfully done setting XSCT server connection channel  
12:46:32 INFO  : Successfully done setting workspace for the tool. 
12:46:32 INFO  : Platform repository initialization has completed.
12:46:32 INFO  : Registering command handlers for Vitis TCF services
12:46:33 INFO  : Successfully done query RDI_DATADIR 
12:46:47 INFO  : Result from executing command 'removePlatformRepo': 
