make -C ps7_cortexa9_0/libsrc/sdps_v3_13/src -s clean 

make -C ps7_cortexa9_0/libsrc/standalone_v7_6/src -s clean 

make -C ps7_cortexa9_0/libsrc/ttcps_v3_14/src -s clean 

make -C ps7_cortexa9_0/libsrc/uartps_v3_11/src -s clean 

make -C ps7_cortexa9_0/libsrc/usbps_v2_7/src -s clean 

make -C ps7_cortexa9_0/libsrc/vtc_v8_4/src -s clean 

make -C ps7_cortexa9_0/libsrc/wdtps_v3_5/src -s clean 

make -C ps7_cortexa9_0/libsrc/xadcps_v2_6/src -s clean 

make -C ps7_cortexa9_0/libsrc/xilffs_v4_6/src -s clean 

make -C ps7_cortexa9_0/libsrc/xilrsa_v1_6/src -s clean 

rm -f ps7_cortexa9_0/lib/libxil.a

Cleaning the BSP for domain  - standalone_domain
make -C ps7_cortexa9_0/libsrc/axivdma_v6_10/src -s clean 

make -C ps7_cortexa9_0/libsrc/axi_i2s_adi_v1_0/src -s clean 

make -C ps7_cortexa9_0/libsrc/axi_reg32_v1_0/src -s clean 

make -C ps7_cortexa9_0/libsrc/clk_wiz_v1_4/src -s clean 

make -C ps7_cortexa9_0/libsrc/coresightps_dcc_v1_8/src -s clean 

make -C ps7_cortexa9_0/libsrc/cpu_cortexa9_v2_11/src -s clean 

make -C ps7_cortexa9_0/libsrc/ddrps_v1_2/src -s clean 

make -C ps7_cortexa9_0/libsrc/devcfg_v3_7/src -s clean 

make -C ps7_cortexa9_0/libsrc/dmaps_v2_8/src -s clean 

make -C ps7_cortexa9_0/libsrc/gpiops_v3_9/src -s clean 

make -C ps7_cortexa9_0/libsrc/iicps_v3_14/src -s clean 

make -C ps7_cortexa9_0/libsrc/qspips_v3_9/src -s clean 

make -C ps7_cortexa9_0/libsrc/scugic_v4_6/src -s clean 

make -C ps7_cortexa9_0/libsrc/scutimer_v2_3/src -s clean 

make -C ps7_cortexa9_0/libsrc/scuwdt_v2_4/src -s clean 

make -C ps7_cortexa9_0/libsrc/sdps_v3_13/src -s clean 

make -C ps7_cortexa9_0/libsrc/standalone_v7_6/src -s clean 

make -C ps7_cortexa9_0/libsrc/ttcps_v3_14/src -s clean 

make -C ps7_cortexa9_0/libsrc/uartps_v3_11/src -s clean 

make -C ps7_cortexa9_0/libsrc/usbps_v2_7/src -s clean 

make -C ps7_cortexa9_0/libsrc/vtc_v8_4/src -s clean 

make -C ps7_cortexa9_0/libsrc/wdtps_v3_5/src -s clean 

make -C ps7_cortexa9_0/libsrc/xadcps_v2_6/src -s clean 

rm -f ps7_cortexa9_0/lib/libxil.a

Cleaning the BSP for domain  - freertos_domain
make -C ps7_cortexa9_0/libsrc/axivdma_v6_10/src -s clean 

make -C ps7_cortexa9_0/libsrc/axi_i2s_adi_v1_0/src -s clean 

rm: kan ikke tage status (lstat) på '*.o': Invalid argument
make[1]: *** [Makefile:26: clean] Error 1
make: *** [Makefile:49: ps7_cortexa9_0/libsrc/axi_i2s_adi_v1_0/src/make.clean] Error 2
Failed to do platform clean.
    invoked from within
"::tcf::eval -progress {apply {{msg} {puts $msg}}} {tcf_send_command tcfchan#0 xsdb eval s es {{platform active ZynqDemoRemake2; platform clean}}}"
    (procedure "::tcf::send_command" line 4)
    invoked from within
"tcf send_command $::xsdb::curchan xsdb eval s es [list "platform active $PLATFORM_NAME; platform clean"]"
    invoked from within
"if { $iswindows == 1 } {    

    set XSDB_PORT [lindex $argv 0]
    set PLATFORM_NAME [lindex $argv 1]
    set arglen [llength $argv]
    set lastind..."
    (file "C:/Xilinx/Vitis/2021.2\scripts\vitis\util\buildplatform.tcl" line 11)

13:28:22 Build Finished (took 12s.424ms)

13:28:23 **** Clean-only build of project ZynqDemoRemake2 ****
buildplatform.bat 53537 ZynqDemoRemake2 clean 
XSDB Server Channel: tcfchan#2
Cleaning the zynq_fsbl application.
rm -rf  sd.o  nand.o  image_mover.o  md5.o  fsbl_hooks.o  main.o  rsa.o  nor.o  te_vdma.o  qspi.o  te_fsbl_hooks_te0726_d1.o  p
s7_init.o  te_fsbl_hooks.o  pcap.o  fsbl_handoff.o zynq_fsbl_bsp/ps7_cortexa9_0/lib/libxil.a fsbl.elf *.o

rm: kan ikke tage status (lstat) på '*.o': Invalid argument
make: *** [Makefile:42: clean] Error 1
Failed to do platform clean.
    invoked from within
"::tcf::eval -progress {apply {{msg} {puts $msg}}} {tcf_send_command tcfchan#0 xsdb eval s es {{platform active ZynqDemoRemake2; platform clean}}}"
    (procedure "::tcf::send_command" line 4)
    invoked from within
"tcf send_command $::xsdb::curchan xsdb eval s es [list "platform active $PLATFORM_NAME; platform clean"]"
    invoked from within
"if { $iswindows == 1 } {    

    set XSDB_PORT [lindex $argv 0]
    set PLATFORM_NAME [lindex $argv 1]
    set arglen [llength $argv]
    set lastind..."
    (file "C:/Xilinx/Vitis/2021.2\scripts\vitis\util\buildplatform.tcl" line 11)
