13:28:23 **** Clean-only build of project ZynqDemoRemake2 ****
buildplatform.bat 53537 ZynqDemoRemake2 clean 
XSDB Server Channel: tcfchan#2
Cleaning the zynq_fsbl application.
rm -rf  sd.o  nand.o  image_mover.o  md5.o  fsbl_hooks.o  main.o  rsa.o  nor.o  te_vdma.o  qspi.o  te_fsbl_hooks_te0726_d1.o  p
s7_init.o  te_fsbl_hooks.o  pcap.o  fsbl_handoff.o zynq_fsbl_bsp/ps7_cortexa9_0/lib/libxil.a fsbl.elf *.o

rm: kan ikke tage status (lstat) på '*.o': Invalid argument
make: *** [Makefile:42: clean] Error 1
Failed to do platform clean.
    invoked from within
"::tcf::eval -progress {apply {{msg} {puts $msg}}} {tcf_send_command tcfchan#0 xsdb eval s es {{platform active ZynqDemoRemake2; platform clean}}}"
    (procedure "::tcf::send_command" line 4)
    invoked from within
"tcf send_command $::xsdb::curchan xsdb eval s es [list "platform active $PLATFORM_NAME; platform clean"]"
    invoked from within
"if { $iswindows == 1 } {    

    set XSDB_PORT [lindex $argv 0]
    set PLATFORM_NAME [lindex $argv 1]
    set arglen [llength $argv]
    set lastind..."
    (file "C:/Xilinx/Vitis/2021.2\scripts\vitis\util\buildplatform.tcl" line 11)

13:28:25 Build Finished (took 2s.254ms)

